0 info it worked if it ends with ok
1 verbose cli [ 'C:\\Program Files (x86)\\nodejs\\node.exe',
1 verbose cli   'C:\\Program Files (x86)\\nodejs\\node_modules\\npm\\bin\\npm-cli.js',
1 verbose cli   'install',
1 verbose cli   'gitbook-plugin-autocover' ]
2 info using npm@2.14.12
3 info using node@v4.3.1
4 verbose install initial load of C:\Users\sclements\Documents\vic\docs\vic_installation\package.json
5 verbose readDependencies loading dependencies from C:\Users\sclements\Documents\vic\docs\vic_installation\package.json
6 silly cache add args [ 'gitbook-plugin-autocover', null ]
7 verbose cache add spec gitbook-plugin-autocover
8 silly cache add parsed spec Result {
8 silly cache add   raw: 'gitbook-plugin-autocover',
8 silly cache add   scope: null,
8 silly cache add   name: 'gitbook-plugin-autocover',
8 silly cache add   rawSpec: '',
8 silly cache add   spec: 'latest',
8 silly cache add   type: 'tag' }
9 silly addNamed gitbook-plugin-autocover@latest
10 verbose addNamed "latest" is being treated as a dist-tag for gitbook-plugin-autocover
11 info addNameTag [ 'gitbook-plugin-autocover', 'latest' ]
12 silly mapToRegistry name gitbook-plugin-autocover
13 silly mapToRegistry using default registry
14 silly mapToRegistry registry https://registry.npmjs.org/
15 silly mapToRegistry uri https://registry.npmjs.org/gitbook-plugin-autocover
16 verbose addNameTag registry:https://registry.npmjs.org/gitbook-plugin-autocover not in flight; fetching
17 verbose request uri https://registry.npmjs.org/gitbook-plugin-autocover
18 verbose request no auth needed
19 info attempt registry request try #1 at 11:51:54 AM
20 verbose request id 2f7fee0f9412825c
21 http request GET https://registry.npmjs.org/gitbook-plugin-autocover
22 http 200 https://registry.npmjs.org/gitbook-plugin-autocover
23 verbose headers { server: 'CouchDB/1.5.0 (Erlang OTP/R16B03)',
23 verbose headers   etag: '"ELJ9AVCP0G1PFR6LOF9H8GWGW"',
23 verbose headers   'content-type': 'application/json',
23 verbose headers   'cache-control': 'max-age=300',
23 verbose headers   'content-length': '13431',
23 verbose headers   'accept-ranges': 'bytes',
23 verbose headers   date: 'Thu, 18 Feb 2016 10:51:55 GMT',
23 verbose headers   via: '1.1 varnish',
23 verbose headers   age: '0',
23 verbose headers   connection: 'keep-alive',
23 verbose headers   'x-served-by': 'cache-ord1720-ORD',
23 verbose headers   'x-cache': 'MISS',
23 verbose headers   'x-cache-hits': '0',
23 verbose headers   'x-timer': 'S1455792714.922815,VS0,VE312',
23 verbose headers   vary: 'Accept' }
24 silly get cb [ 200,
24 silly get   { server: 'CouchDB/1.5.0 (Erlang OTP/R16B03)',
24 silly get     etag: '"ELJ9AVCP0G1PFR6LOF9H8GWGW"',
24 silly get     'content-type': 'application/json',
24 silly get     'cache-control': 'max-age=300',
24 silly get     'content-length': '13431',
24 silly get     'accept-ranges': 'bytes',
24 silly get     date: 'Thu, 18 Feb 2016 10:51:55 GMT',
24 silly get     via: '1.1 varnish',
24 silly get     age: '0',
24 silly get     connection: 'keep-alive',
24 silly get     'x-served-by': 'cache-ord1720-ORD',
24 silly get     'x-cache': 'MISS',
24 silly get     'x-cache-hits': '0',
24 silly get     'x-timer': 'S1455792714.922815,VS0,VE312',
24 silly get     vary: 'Accept' } ]
25 verbose get saving gitbook-plugin-autocover to C:\Users\sclements\AppData\Roaming\npm-cache\registry.npmjs.org\gitbook-plugin-autocover\.cache.json
26 silly addNameTag next cb for gitbook-plugin-autocover with tag latest
27 silly addNamed gitbook-plugin-autocover@1.2.1
28 verbose addNamed "1.2.1" is a plain semver version for gitbook-plugin-autocover
29 silly mapToRegistry name gitbook-plugin-autocover
30 silly mapToRegistry using default registry
31 silly mapToRegistry registry https://registry.npmjs.org/
32 silly mapToRegistry uri https://registry.npmjs.org/gitbook-plugin-autocover
33 verbose addRemoteTarball https://registry.npmjs.org/gitbook-plugin-autocover/-/gitbook-plugin-autocover-1.2.1.tgz not in flight; adding
34 verbose addRemoteTarball [ 'https://registry.npmjs.org/gitbook-plugin-autocover/-/gitbook-plugin-autocover-1.2.1.tgz',
34 verbose addRemoteTarball   '801608af20cb351422edaff8623a36d23b7ee2ea' ]
35 info retry fetch attempt 1 at 11:51:55 AM
36 info attempt registry request try #1 at 11:51:55 AM
37 http fetch GET https://registry.npmjs.org/gitbook-plugin-autocover/-/gitbook-plugin-autocover-1.2.1.tgz
38 http fetch 200 https://registry.npmjs.org/gitbook-plugin-autocover/-/gitbook-plugin-autocover-1.2.1.tgz
39 silly fetchAndShaCheck shasum 801608af20cb351422edaff8623a36d23b7ee2ea
40 verbose addTmpTarball C:\Users\SCLEME~1\AppData\Local\Temp\npm-10996-4de4e375\registry.npmjs.org\gitbook-plugin-autocover\-\gitbook-plugin-autocover-1.2.1.tgz not in flight; adding
41 verbose addTmpTarball already have metadata; skipping unpack for gitbook-plugin-autocover@1.2.1
42 silly cache afterAdd gitbook-plugin-autocover@1.2.1
43 verbose afterAdd C:\Users\sclements\AppData\Roaming\npm-cache\gitbook-plugin-autocover\1.2.1\package\package.json not in flight; writing
44 verbose afterAdd C:\Users\sclements\AppData\Roaming\npm-cache\gitbook-plugin-autocover\1.2.1\package\package.json written
45 silly install resolved [ { name: 'gitbook-plugin-autocover',
45 silly install resolved     description: 'Generate a cover for a gitbook',
45 silly install resolved     main: 'index.js',
45 silly install resolved     version: '1.2.1',
45 silly install resolved     engines: { gitbook: '*' },
45 silly install resolved     dependencies: { canvas: '1.1.6', lodash: '2.4.1', q: '1.0.1' },
45 silly install resolved     homepage: 'https://github.com/GitbookIO/plugin-autocover',
45 silly install resolved     repository:
45 silly install resolved      { type: 'git',
45 silly install resolved        url: 'https://github.com/GitbookIO/plugin-autocover.git' },
45 silly install resolved     license: 'Apache 2',
45 silly install resolved     bugs: { url: 'https://github.com/GitbookIO/plugin-autocover/issues' },
45 silly install resolved     _id: 'gitbook-plugin-autocover@1.2.1',
45 silly install resolved     dist:
45 silly install resolved      { shasum: '801608af20cb351422edaff8623a36d23b7ee2ea',
45 silly install resolved        tarball: 'http://registry.npmjs.org/gitbook-plugin-autocover/-/gitbook-plugin-autocover-1.2.1.tgz' },
45 silly install resolved     _from: 'gitbook-plugin-autocover@latest',
45 silly install resolved     _npmVersion: '1.4.6',
45 silly install resolved     _npmUser: { name: 'aarono', email: 'aaron.omullan@gmail.com' },
45 silly install resolved     maintainers: [ [Object], [Object] ],
45 silly install resolved     directories: {},
45 silly install resolved     _shasum: '801608af20cb351422edaff8623a36d23b7ee2ea',
45 silly install resolved     _resolved: 'https://registry.npmjs.org/gitbook-plugin-autocover/-/gitbook-plugin-autocover-1.2.1.tgz' } ]
46 info install gitbook-plugin-autocover@1.2.1 into C:\Users\sclements\Documents\vic\docs\vic_installation
47 info installOne gitbook-plugin-autocover@1.2.1
48 verbose installOne of gitbook-plugin-autocover to C:\Users\sclements\Documents\vic\docs\vic_installation not in flight; installing
49 verbose lock using C:\Users\sclements\AppData\Roaming\npm-cache\_locks\gitbook-plugin-autocover-4237326eedab6dce.lock for C:\Users\sclements\Documents\vic\docs\vic_installation\node_modules\gitbook-plugin-autocover
50 silly install write writing gitbook-plugin-autocover 1.2.1 to C:\Users\sclements\Documents\vic\docs\vic_installation\node_modules\gitbook-plugin-autocover
51 verbose unbuild node_modules\gitbook-plugin-autocover
52 silly gentlyRm C:\Users\sclements\Documents\vic\docs\vic_installation\node_modules\gitbook-plugin-autocover is being purged from base C:\Users\sclements\Documents\vic\docs\vic_installation
53 verbose gentlyRm don't care about contents; nuking C:\Users\sclements\Documents\vic\docs\vic_installation\node_modules\gitbook-plugin-autocover
54 verbose tar unpack C:\Users\sclements\AppData\Roaming\npm-cache\gitbook-plugin-autocover\1.2.1\package.tgz
55 verbose tar unpacking to C:\Users\sclements\Documents\vic\docs\vic_installation\node_modules\gitbook-plugin-autocover
56 silly gentlyRm C:\Users\sclements\Documents\vic\docs\vic_installation\node_modules\gitbook-plugin-autocover is being purged
57 verbose gentlyRm don't care about contents; nuking C:\Users\sclements\Documents\vic\docs\vic_installation\node_modules\gitbook-plugin-autocover
58 silly gunzTarPerm modes [ '777', '666' ]
59 silly gunzTarPerm extractEntry package.json
60 silly gunzTarPerm modified mode [ 'package.json', 420, 438 ]
61 silly gunzTarPerm extractEntry .npmignore
62 silly gunzTarPerm modified mode [ '.npmignore', 420, 438 ]
63 silly gunzTarPerm extractEntry README.md
64 silly gunzTarPerm modified mode [ 'README.md', 420, 438 ]
65 silly gunzTarPerm extractEntry LICENSE
66 silly gunzTarPerm modified mode [ 'LICENSE', 420, 438 ]
67 silly gunzTarPerm extractEntry topic.js
68 silly gunzTarPerm modified mode [ 'topic.js', 420, 438 ]
69 silly gunzTarPerm extractEntry draw.js
70 silly gunzTarPerm modified mode [ 'draw.js', 420, 438 ]
71 silly gunzTarPerm extractEntry test.js
72 silly gunzTarPerm modified mode [ 'test.js', 420, 438 ]
73 silly gunzTarPerm extractEntry index.js
74 silly gunzTarPerm modified mode [ 'index.js', 420, 438 ]
75 silly gunzTarPerm extractEntry published-with-gitbook.png
76 silly gunzTarPerm modified mode [ 'published-with-gitbook.png', 420, 438 ]
77 silly gunzTarPerm extractEntry colors.json
78 silly gunzTarPerm modified mode [ 'colors.json', 420, 438 ]
79 silly gunzTarPerm extractEntry topics.json
80 silly gunzTarPerm modified mode [ 'topics.json', 420, 438 ]
81 verbose write writing to C:\Users\sclements\Documents\vic\docs\vic_installation\node_modules\gitbook-plugin-autocover\package.json
82 info preinstall gitbook-plugin-autocover@1.2.1
83 verbose readDependencies loading dependencies from C:\Users\sclements\Documents\vic\docs\vic_installation\node_modules\gitbook-plugin-autocover\package.json
84 silly prepareForInstallMany adding canvas@1.1.6 from gitbook-plugin-autocover dependencies
85 silly prepareForInstallMany adding lodash@2.4.1 from gitbook-plugin-autocover dependencies
86 silly prepareForInstallMany adding q@1.0.1 from gitbook-plugin-autocover dependencies
87 verbose readDependencies loading dependencies from C:\Users\sclements\Documents\vic\docs\vic_installation\node_modules\gitbook-plugin-autocover\package.json
88 silly cache add args [ 'lodash@2.4.1', null ]
89 verbose cache add spec lodash@2.4.1
90 silly cache add parsed spec Result {
90 silly cache add   raw: 'lodash@2.4.1',
90 silly cache add   scope: null,
90 silly cache add   name: 'lodash',
90 silly cache add   rawSpec: '2.4.1',
90 silly cache add   spec: '2.4.1',
90 silly cache add   type: 'version' }
91 silly addNamed lodash@2.4.1
92 verbose addNamed "2.4.1" is a plain semver version for lodash
93 silly mapToRegistry name lodash
94 silly mapToRegistry using default registry
95 silly mapToRegistry registry https://registry.npmjs.org/
96 silly mapToRegistry uri https://registry.npmjs.org/lodash
97 verbose addNameVersion registry:https://registry.npmjs.org/lodash not in flight; fetching
98 silly cache add args [ 'q@1.0.1', null ]
99 verbose cache add spec q@1.0.1
100 silly cache add parsed spec Result {
100 silly cache add   raw: 'q@1.0.1',
100 silly cache add   scope: null,
100 silly cache add   name: 'q',
100 silly cache add   rawSpec: '1.0.1',
100 silly cache add   spec: '1.0.1',
100 silly cache add   type: 'version' }
101 silly addNamed q@1.0.1
102 verbose addNamed "1.0.1" is a plain semver version for q
103 silly mapToRegistry name q
104 silly mapToRegistry using default registry
105 silly mapToRegistry registry https://registry.npmjs.org/
106 silly mapToRegistry uri https://registry.npmjs.org/q
107 verbose addNameVersion registry:https://registry.npmjs.org/q not in flight; fetching
108 silly cache add args [ 'canvas@1.1.6', null ]
109 verbose cache add spec canvas@1.1.6
110 silly cache add parsed spec Result {
110 silly cache add   raw: 'canvas@1.1.6',
110 silly cache add   scope: null,
110 silly cache add   name: 'canvas',
110 silly cache add   rawSpec: '1.1.6',
110 silly cache add   spec: '1.1.6',
110 silly cache add   type: 'version' }
111 silly addNamed canvas@1.1.6
112 verbose addNamed "1.1.6" is a plain semver version for canvas
113 silly mapToRegistry name canvas
114 silly mapToRegistry using default registry
115 silly mapToRegistry registry https://registry.npmjs.org/
116 silly mapToRegistry uri https://registry.npmjs.org/canvas
117 verbose addNameVersion registry:https://registry.npmjs.org/canvas not in flight; fetching
118 verbose request uri https://registry.npmjs.org/canvas
119 verbose request no auth needed
120 info attempt registry request try #1 at 11:51:56 AM
121 http request GET https://registry.npmjs.org/canvas
122 verbose request uri https://registry.npmjs.org/lodash
123 verbose request no auth needed
124 info attempt registry request try #1 at 11:51:56 AM
125 verbose etag "B9PP0PA64C6FJAPH01TBIOZI8"
126 http request GET https://registry.npmjs.org/lodash
127 verbose request uri https://registry.npmjs.org/q
128 verbose request no auth needed
129 info attempt registry request try #1 at 11:51:56 AM
130 verbose etag "51R0MQHM5CBV9OGE6AARQI25"
131 http request GET https://registry.npmjs.org/q
132 http 304 https://registry.npmjs.org/lodash
133 verbose headers { date: 'Thu, 18 Feb 2016 10:51:56 GMT',
133 verbose headers   via: '1.1 varnish',
133 verbose headers   'cache-control': 'max-age=300',
133 verbose headers   etag: '"B9PP0PA64C6FJAPH01TBIOZI8"',
133 verbose headers   age: '47',
133 verbose headers   connection: 'keep-alive',
133 verbose headers   'x-served-by': 'cache-ord1723-ORD',
133 verbose headers   'x-cache': 'HIT',
133 verbose headers   'x-cache-hits': '1',
133 verbose headers   'x-timer': 'S1455792716.621492,VS0,VE0',
133 verbose headers   vary: 'Accept' }
134 silly get cb [ 304,
134 silly get   { date: 'Thu, 18 Feb 2016 10:51:56 GMT',
134 silly get     via: '1.1 varnish',
134 silly get     'cache-control': 'max-age=300',
134 silly get     etag: '"B9PP0PA64C6FJAPH01TBIOZI8"',
134 silly get     age: '47',
134 silly get     connection: 'keep-alive',
134 silly get     'x-served-by': 'cache-ord1723-ORD',
134 silly get     'x-cache': 'HIT',
134 silly get     'x-cache-hits': '1',
134 silly get     'x-timer': 'S1455792716.621492,VS0,VE0',
134 silly get     vary: 'Accept' } ]
135 verbose etag https://registry.npmjs.org/lodash from cache
136 verbose get saving lodash to C:\Users\sclements\AppData\Roaming\npm-cache\registry.npmjs.org\lodash\.cache.json
137 http 304 https://registry.npmjs.org/q
138 verbose headers { date: 'Thu, 18 Feb 2016 10:51:56 GMT',
138 verbose headers   via: '1.1 varnish',
138 verbose headers   'cache-control': 'max-age=300',
138 verbose headers   etag: '"51R0MQHM5CBV9OGE6AARQI25"',
138 verbose headers   age: '43',
138 verbose headers   connection: 'keep-alive',
138 verbose headers   'x-served-by': 'cache-ord1722-ORD',
138 verbose headers   'x-cache': 'HIT',
138 verbose headers   'x-cache-hits': '1',
138 verbose headers   'x-timer': 'S1455792716.640881,VS0,VE0',
138 verbose headers   vary: 'Accept' }
139 silly get cb [ 304,
139 silly get   { date: 'Thu, 18 Feb 2016 10:51:56 GMT',
139 silly get     via: '1.1 varnish',
139 silly get     'cache-control': 'max-age=300',
139 silly get     etag: '"51R0MQHM5CBV9OGE6AARQI25"',
139 silly get     age: '43',
139 silly get     connection: 'keep-alive',
139 silly get     'x-served-by': 'cache-ord1722-ORD',
139 silly get     'x-cache': 'HIT',
139 silly get     'x-cache-hits': '1',
139 silly get     'x-timer': 'S1455792716.640881,VS0,VE0',
139 silly get     vary: 'Accept' } ]
140 verbose etag https://registry.npmjs.org/q from cache
141 verbose get saving q to C:\Users\sclements\AppData\Roaming\npm-cache\registry.npmjs.org\q\.cache.json
142 warn deprecated lodash@2.4.1: lodash@<3.0.0 is no longer maintained. Upgrade to lodash@^4.0.0.
143 silly mapToRegistry name lodash
144 silly mapToRegistry using default registry
145 silly mapToRegistry registry https://registry.npmjs.org/
146 silly mapToRegistry uri https://registry.npmjs.org/lodash
147 verbose addRemoteTarball https://registry.npmjs.org/lodash/-/lodash-2.4.1.tgz not in flight; adding
148 verbose addRemoteTarball [ 'https://registry.npmjs.org/lodash/-/lodash-2.4.1.tgz',
148 verbose addRemoteTarball   '5b7723034dda4d262e5a46fb2c58d7cc22f71420' ]
149 info retry fetch attempt 1 at 11:51:56 AM
150 info attempt registry request try #1 at 11:51:56 AM
151 http fetch GET https://registry.npmjs.org/lodash/-/lodash-2.4.1.tgz
152 silly cache afterAdd q@1.0.1
153 verbose afterAdd C:\Users\sclements\AppData\Roaming\npm-cache\q\1.0.1\package\package.json not in flight; writing
154 verbose afterAdd C:\Users\sclements\AppData\Roaming\npm-cache\q\1.0.1\package\package.json written
155 http 200 https://registry.npmjs.org/canvas
156 verbose headers { server: 'CouchDB/1.5.0 (Erlang OTP/R16B03)',
156 verbose headers   etag: '"38JVAVDCGV0J7QMTEDV9S0I88"',
156 verbose headers   'content-type': 'application/json',
156 verbose headers   'cache-control': 'max-age=300',
156 verbose headers   'content-length': '101738',
156 verbose headers   'accept-ranges': 'bytes',
156 verbose headers   date: 'Thu, 18 Feb 2016 10:51:56 GMT',
156 verbose headers   via: '1.1 varnish',
156 verbose headers   age: '41',
156 verbose headers   connection: 'keep-alive',
156 verbose headers   'x-served-by': 'cache-ord1733-ORD',
156 verbose headers   'x-cache': 'HIT',
156 verbose headers   'x-cache-hits': '1',
156 verbose headers   'x-timer': 'S1455792716.594089,VS0,VE0',
156 verbose headers   vary: 'Accept' }
157 silly get cb [ 200,
157 silly get   { server: 'CouchDB/1.5.0 (Erlang OTP/R16B03)',
157 silly get     etag: '"38JVAVDCGV0J7QMTEDV9S0I88"',
157 silly get     'content-type': 'application/json',
157 silly get     'cache-control': 'max-age=300',
157 silly get     'content-length': '101738',
157 silly get     'accept-ranges': 'bytes',
157 silly get     date: 'Thu, 18 Feb 2016 10:51:56 GMT',
157 silly get     via: '1.1 varnish',
157 silly get     age: '41',
157 silly get     connection: 'keep-alive',
157 silly get     'x-served-by': 'cache-ord1733-ORD',
157 silly get     'x-cache': 'HIT',
157 silly get     'x-cache-hits': '1',
157 silly get     'x-timer': 'S1455792716.594089,VS0,VE0',
157 silly get     vary: 'Accept' } ]
158 verbose get saving canvas to C:\Users\sclements\AppData\Roaming\npm-cache\registry.npmjs.org\canvas\.cache.json
159 silly mapToRegistry name canvas
160 silly mapToRegistry using default registry
161 silly mapToRegistry registry https://registry.npmjs.org/
162 silly mapToRegistry uri https://registry.npmjs.org/canvas
163 verbose addRemoteTarball https://registry.npmjs.org/canvas/-/canvas-1.1.6.tgz not in flight; adding
164 verbose addRemoteTarball [ 'https://registry.npmjs.org/canvas/-/canvas-1.1.6.tgz',
164 verbose addRemoteTarball   'd84b088f3bcd3840fe14977cd3625f5fe89f81ee' ]
165 info retry fetch attempt 1 at 11:51:56 AM
166 info attempt registry request try #1 at 11:51:56 AM
167 http fetch GET https://registry.npmjs.org/canvas/-/canvas-1.1.6.tgz
168 http fetch 200 https://registry.npmjs.org/lodash/-/lodash-2.4.1.tgz
169 http fetch 200 https://registry.npmjs.org/canvas/-/canvas-1.1.6.tgz
170 silly fetchAndShaCheck shasum 5b7723034dda4d262e5a46fb2c58d7cc22f71420
171 verbose addTmpTarball C:\Users\SCLEME~1\AppData\Local\Temp\npm-10996-4de4e375\registry.npmjs.org\lodash\-\lodash-2.4.1.tgz not in flight; adding
172 verbose addTmpTarball already have metadata; skipping unpack for lodash@2.4.1
173 silly cache afterAdd lodash@2.4.1
174 verbose afterAdd C:\Users\sclements\AppData\Roaming\npm-cache\lodash\2.4.1\package\package.json not in flight; writing
175 verbose afterAdd C:\Users\sclements\AppData\Roaming\npm-cache\lodash\2.4.1\package\package.json written
176 silly fetchAndShaCheck shasum d84b088f3bcd3840fe14977cd3625f5fe89f81ee
177 verbose addTmpTarball C:\Users\SCLEME~1\AppData\Local\Temp\npm-10996-4de4e375\registry.npmjs.org\canvas\-\canvas-1.1.6.tgz not in flight; adding
178 verbose addTmpTarball already have metadata; skipping unpack for canvas@1.1.6
179 silly cache afterAdd canvas@1.1.6
180 verbose afterAdd C:\Users\sclements\AppData\Roaming\npm-cache\canvas\1.1.6\package\package.json not in flight; writing
181 verbose afterAdd C:\Users\sclements\AppData\Roaming\npm-cache\canvas\1.1.6\package\package.json written
182 silly install resolved [ { name: 'q',
182 silly install resolved     version: '1.0.1',
182 silly install resolved     description: 'A library for promises (CommonJS/Promises/A,B,D)',
182 silly install resolved     homepage: 'https://github.com/kriskowal/q',
182 silly install resolved     author:
182 silly install resolved      { name: 'Kris Kowal',
182 silly install resolved        email: 'kris@cixar.com',
182 silly install resolved        url: 'https://github.com/kriskowal' },
182 silly install resolved     keywords:
182 silly install resolved      [ 'q',
182 silly install resolved        'promise',
182 silly install resolved        'promises',
182 silly install resolved        'promises-a',
182 silly install resolved        'promises-aplus',
182 silly install resolved        'deferred',
182 silly install resolved        'future',
182 silly install resolved        'async',
182 silly install resolved        'flow control',
182 silly install resolved        'fluent',
182 silly install resolved        'browser',
182 silly install resolved        'node' ],
182 silly install resolved     contributors: [ [Object], [Object], [Object] ],
182 silly install resolved     bugs: { url: 'http://github.com/kriskowal/q/issues' },
182 silly install resolved     license:
182 silly install resolved      { type: 'MIT',
182 silly install resolved        url: 'http://github.com/kriskowal/q/raw/master/LICENSE' },
182 silly install resolved     main: 'q.js',
182 silly install resolved     repository: { type: 'git', url: 'git://github.com/kriskowal/q.git' },
182 silly install resolved     engines: { node: '>=0.6.0', teleport: '>=0.2.0' },
182 silly install resolved     dependencies: {},
182 silly install resolved     devDependencies:
182 silly install resolved      { jshint: '~2.1.9',
182 silly install resolved        cover: '*',
182 silly install resolved        'jasmine-node': '1.11.0',
182 silly install resolved        opener: '*',
182 silly install resolved        'promises-aplus-tests': '1.x',
182 silly install resolved        grunt: '~0.4.1',
182 silly install resolved        'grunt-cli': '~0.1.9',
182 silly install resolved        'grunt-contrib-uglify': '~0.2.2',
182 silly install resolved        matcha: '~0.2.0' },
182 silly install resolved     scripts:
182 silly install resolved      { test: 'jasmine-node spec && promises-aplus-tests spec/aplus-adapter',
182 silly install resolved        'test-browser': 'opener spec/q-spec.html',
182 silly install resolved        benchmark: 'matcha',
182 silly install resolved        lint: 'jshint q.js',
182 silly install resolved        cover: 'cover run node_modules/jasmine-node/bin/jasmine-node spec && cover report html && opener cover_html/index.html',
182 silly install resolved        minify: 'grunt',
182 silly install resolved        prepublish: 'grunt' },
182 silly install resolved     overlay: { teleport: [Object] },
182 silly install resolved     directories: { test: './spec' },
182 silly install resolved     _id: 'q@1.0.1',
182 silly install resolved     dist:
182 silly install resolved      { shasum: '11872aeedee89268110b10a718448ffb10112a14',
182 silly install resolved        tarball: 'http://registry.npmjs.org/q/-/q-1.0.1.tgz' },
182 silly install resolved     _from: 'q@1.0.1',
182 silly install resolved     _npmVersion: '1.4.4',
182 silly install resolved     _npmUser: { name: 'kriskowal', email: 'kris.kowal@cixar.com' },
182 silly install resolved     maintainers: [ [Object], [Object] ],
182 silly install resolved     _shasum: '11872aeedee89268110b10a718448ffb10112a14',
182 silly install resolved     _resolved: 'https://registry.npmjs.org/q/-/q-1.0.1.tgz',
182 silly install resolved     readme: 'ERROR: No README data found!' },
182 silly install resolved   { name: 'lodash',
182 silly install resolved     version: '2.4.1',
182 silly install resolved     description: 'A utility library delivering consistency, customization, performance, & extras.',
182 silly install resolved     homepage: 'http://lodash.com/',
182 silly install resolved     license: 'MIT',
182 silly install resolved     main: 'dist/lodash.js',
182 silly install resolved     keywords:
182 silly install resolved      [ 'amd',
182 silly install resolved        'browser',
182 silly install resolved        'client',
182 silly install resolved        'customize',
182 silly install resolved        'functional',
182 silly install resolved        'server',
182 silly install resolved        'util' ],
182 silly install resolved     author:
182 silly install resolved      { name: 'John-David Dalton',
182 silly install resolved        email: 'john.david.dalton@gmail.com',
182 silly install resolved        url: 'http://allyoucanleet.com/' },
182 silly install resolved     contributors: [ [Object], [Object], [Object], [Object] ],
182 silly install resolved     bugs: { url: 'https://github.com/lodash/lodash/issues' },
182 silly install resolved     repository: { type: 'git', url: 'https://github.com/lodash/lodash.git' },
182 silly install resolved     engines: [ 'node', 'rhino' ],
182 silly install resolved     files:
182 silly install resolved      [ 'LICENSE.txt',
182 silly install resolved        'lodash.js',
182 silly install resolved        'dist/lodash.js',
182 silly install resolved        'dist/lodash.min.js',
182 silly install resolved        'dist/lodash.compat.js',
182 silly install resolved        'dist/lodash.compat.min.js',
182 silly install resolved        'dist/lodash.underscore.js',
182 silly install resolved        'dist/lodash.underscore.min.js' ],
182 silly install resolved     jam: { main: 'dist/lodash.compat.js', include: [Object] },
182 silly install resolved     volo: { type: 'directory', ignore: [Object] },
182 silly install resolved     _id: 'lodash@2.4.1',
182 silly install resolved     dist:
182 silly install resolved      { shasum: '5b7723034dda4d262e5a46fb2c58d7cc22f71420',
182 silly install resolved        tarball: 'http://registry.npmjs.org/lodash/-/lodash-2.4.1.tgz' },
182 silly install resolved     _from: 'lodash@2.4.1',
182 silly install resolved     _npmVersion: '1.3.14',
182 silly install resolved     _npmUser: { name: 'jdalton', email: 'john.david.dalton@gmail.com' },
182 silly install resolved     maintainers: [ [Object], [Object], [Object], [Object] ],
182 silly install resolved     deprecated: 'lodash@<3.0.0 is no longer maintained. Upgrade to lodash@^4.0.0.',
182 silly install resolved     directories: {},
182 silly install resolved     _shasum: '5b7723034dda4d262e5a46fb2c58d7cc22f71420',
182 silly install resolved     _resolved: 'https://registry.npmjs.org/lodash/-/lodash-2.4.1.tgz' },
182 silly install resolved   { name: 'canvas',
182 silly install resolved     description: 'Canvas graphics API backed by Cairo',
182 silly install resolved     version: '1.1.6',
182 silly install resolved     author: { name: 'TJ Holowaychuk', email: 'tj@learnboost.com' },
182 silly install resolved     contributors: [ [Object], [Object], [Object] ],
182 silly install resolved     keywords:
182 silly install resolved      [ 'canvas',
182 silly install resolved        'graphic',
182 silly install resolved        'graphics',
182 silly install resolved        'pixman',
182 silly install resolved        'cairo',
182 silly install resolved        'image',
182 silly install resolved        'images',
182 silly install resolved        'pdf' ],
182 silly install resolved     homepage: 'https://github.com/learnboost/node-canvas',
182 silly install resolved     repository: { type: 'git', url: 'git://github.com/learnboost/node-canvas' },
182 silly install resolved     scripts: { test: 'make test', install: 'node-gyp rebuild' },
182 silly install resolved     dependencies: { nan: '~1.2.0' },
182 silly install resolved     devDependencies: { express: '3.0', jade: '0.28.1', mocha: '*', should: '*' },
182 silly install resolved     engines: { node: '>= 0.6.0' },
182 silly install resolved     main: './lib/canvas.js',
182 silly install resolved     gypfile: true,
182 silly install resolved     gitHead: '138abe9aa30b75e8406ceddd9177bff20ac44ceb',
182 silly install resolved     bugs: { url: 'https://github.com/learnboost/node-canvas/issues' },
182 silly install resolved     _id: 'canvas@1.1.6',
182 silly install resolved     _shasum: 'd84b088f3bcd3840fe14977cd3625f5fe89f81ee',
182 silly install resolved     _from: 'canvas@1.1.6',
182 silly install resolved     _npmVersion: '1.4.21',
182 silly install resolved     _npmUser: { name: 'tootallnate', email: 'nathan@tootallnate.net' },
182 silly install resolved     maintainers: [ [Object], [Object], [Object], [Object] ],
182 silly install resolved     dist:
182 silly install resolved      { shasum: 'd84b088f3bcd3840fe14977cd3625f5fe89f81ee',
182 silly install resolved        tarball: 'http://registry.npmjs.org/canvas/-/canvas-1.1.6.tgz' },
182 silly install resolved     directories: {},
182 silly install resolved     _resolved: 'https://registry.npmjs.org/canvas/-/canvas-1.1.6.tgz' } ]
183 info install q@1.0.1 into C:\Users\sclements\Documents\vic\docs\vic_installation\node_modules\gitbook-plugin-autocover
184 info install lodash@2.4.1 into C:\Users\sclements\Documents\vic\docs\vic_installation\node_modules\gitbook-plugin-autocover
185 info install canvas@1.1.6 into C:\Users\sclements\Documents\vic\docs\vic_installation\node_modules\gitbook-plugin-autocover
186 info installOne q@1.0.1
187 verbose installOne of q to C:\Users\sclements\Documents\vic\docs\vic_installation\node_modules\gitbook-plugin-autocover not in flight; installing
188 info installOne lodash@2.4.1
189 verbose installOne of lodash to C:\Users\sclements\Documents\vic\docs\vic_installation\node_modules\gitbook-plugin-autocover not in flight; installing
190 info installOne canvas@1.1.6
191 verbose installOne of canvas to C:\Users\sclements\Documents\vic\docs\vic_installation\node_modules\gitbook-plugin-autocover not in flight; installing
192 verbose lock using C:\Users\sclements\AppData\Roaming\npm-cache\_locks\q-f7fbf13401f7cbfe.lock for C:\Users\sclements\Documents\vic\docs\vic_installation\node_modules\gitbook-plugin-autocover\node_modules\q
193 verbose lock using C:\Users\sclements\AppData\Roaming\npm-cache\_locks\lodash-3ddeacc501ca426d.lock for C:\Users\sclements\Documents\vic\docs\vic_installation\node_modules\gitbook-plugin-autocover\node_modules\lodash
194 silly install write writing q 1.0.1 to C:\Users\sclements\Documents\vic\docs\vic_installation\node_modules\gitbook-plugin-autocover\node_modules\q
195 silly install write writing lodash 2.4.1 to C:\Users\sclements\Documents\vic\docs\vic_installation\node_modules\gitbook-plugin-autocover\node_modules\lodash
196 verbose lock using C:\Users\sclements\AppData\Roaming\npm-cache\_locks\canvas-d2977ba6bdd4863f.lock for C:\Users\sclements\Documents\vic\docs\vic_installation\node_modules\gitbook-plugin-autocover\node_modules\canvas
197 silly install write writing canvas 1.1.6 to C:\Users\sclements\Documents\vic\docs\vic_installation\node_modules\gitbook-plugin-autocover\node_modules\canvas
198 verbose unbuild node_modules\gitbook-plugin-autocover\node_modules\q
199 verbose unbuild node_modules\gitbook-plugin-autocover\node_modules\lodash
200 silly gentlyRm C:\Users\sclements\Documents\vic\docs\vic_installation\node_modules\gitbook-plugin-autocover\node_modules\q is being purged from base C:\Users\sclements\Documents\vic\docs\vic_installation
201 verbose gentlyRm don't care about contents; nuking C:\Users\sclements\Documents\vic\docs\vic_installation\node_modules\gitbook-plugin-autocover\node_modules\q
202 silly gentlyRm C:\Users\sclements\Documents\vic\docs\vic_installation\node_modules\gitbook-plugin-autocover\node_modules\lodash is being purged from base C:\Users\sclements\Documents\vic\docs\vic_installation
203 verbose gentlyRm don't care about contents; nuking C:\Users\sclements\Documents\vic\docs\vic_installation\node_modules\gitbook-plugin-autocover\node_modules\lodash
204 verbose unbuild node_modules\gitbook-plugin-autocover\node_modules\canvas
205 verbose tar unpack C:\Users\sclements\AppData\Roaming\npm-cache\q\1.0.1\package.tgz
206 verbose tar unpacking to C:\Users\sclements\Documents\vic\docs\vic_installation\node_modules\gitbook-plugin-autocover\node_modules\q
207 silly gentlyRm C:\Users\sclements\Documents\vic\docs\vic_installation\node_modules\gitbook-plugin-autocover\node_modules\q is being purged
208 verbose gentlyRm don't care about contents; nuking C:\Users\sclements\Documents\vic\docs\vic_installation\node_modules\gitbook-plugin-autocover\node_modules\q
209 verbose tar unpack C:\Users\sclements\AppData\Roaming\npm-cache\lodash\2.4.1\package.tgz
210 verbose tar unpacking to C:\Users\sclements\Documents\vic\docs\vic_installation\node_modules\gitbook-plugin-autocover\node_modules\lodash
211 silly gentlyRm C:\Users\sclements\Documents\vic\docs\vic_installation\node_modules\gitbook-plugin-autocover\node_modules\lodash is being purged
212 verbose gentlyRm don't care about contents; nuking C:\Users\sclements\Documents\vic\docs\vic_installation\node_modules\gitbook-plugin-autocover\node_modules\lodash
213 silly gunzTarPerm modes [ '777', '666' ]
214 silly gunzTarPerm modes [ '777', '666' ]
215 silly gentlyRm C:\Users\sclements\Documents\vic\docs\vic_installation\node_modules\gitbook-plugin-autocover\node_modules\canvas is being purged from base C:\Users\sclements\Documents\vic\docs\vic_installation
216 verbose gentlyRm don't care about contents; nuking C:\Users\sclements\Documents\vic\docs\vic_installation\node_modules\gitbook-plugin-autocover\node_modules\canvas
217 verbose tar unpack C:\Users\sclements\AppData\Roaming\npm-cache\canvas\1.1.6\package.tgz
218 verbose tar unpacking to C:\Users\sclements\Documents\vic\docs\vic_installation\node_modules\gitbook-plugin-autocover\node_modules\canvas
219 silly gentlyRm C:\Users\sclements\Documents\vic\docs\vic_installation\node_modules\gitbook-plugin-autocover\node_modules\canvas is being purged
220 verbose gentlyRm don't care about contents; nuking C:\Users\sclements\Documents\vic\docs\vic_installation\node_modules\gitbook-plugin-autocover\node_modules\canvas
221 silly gunzTarPerm modes [ '777', '666' ]
222 silly gunzTarPerm extractEntry package.json
223 silly gunzTarPerm modified mode [ 'package.json', 420, 438 ]
224 silly gunzTarPerm extractEntry package.json
225 silly gunzTarPerm modified mode [ 'package.json', 420, 438 ]
226 silly gunzTarPerm extractEntry package.json
227 silly gunzTarPerm modified mode [ 'package.json', 420, 438 ]
228 silly gunzTarPerm extractEntry README.md
229 silly gunzTarPerm modified mode [ 'README.md', 420, 438 ]
230 silly gunzTarPerm extractEntry LICENSE
231 silly gunzTarPerm modified mode [ 'LICENSE', 420, 438 ]
232 silly gunzTarPerm extractEntry q.js
233 silly gunzTarPerm modified mode [ 'q.js', 420, 438 ]
234 silly gunzTarPerm extractEntry queue.js
235 silly gunzTarPerm modified mode [ 'queue.js', 420, 438 ]
236 silly gunzTarPerm extractEntry CONTRIBUTING.md
237 silly gunzTarPerm modified mode [ 'CONTRIBUTING.md', 420, 438 ]
238 silly gunzTarPerm extractEntry benchmark/compare-with-callbacks.js
239 silly gunzTarPerm modified mode [ 'benchmark/compare-with-callbacks.js', 420, 438 ]
240 silly gunzTarPerm extractEntry benchmark/scenarios.js
241 silly gunzTarPerm modified mode [ 'benchmark/scenarios.js', 420, 438 ]
242 silly gunzTarPerm extractEntry README.md
243 silly gunzTarPerm modified mode [ 'README.md', 420, 438 ]
244 silly gunzTarPerm extractEntry lodash.js
245 silly gunzTarPerm modified mode [ 'lodash.js', 420, 438 ]
246 silly gunzTarPerm extractEntry .npmignore
247 silly gunzTarPerm modified mode [ '.npmignore', 420, 438 ]
248 silly gunzTarPerm extractEntry index.js
249 silly gunzTarPerm modified mode [ 'index.js', 420, 438 ]
250 silly gunzTarPerm extractEntry LICENSE.txt
251 silly gunzTarPerm modified mode [ 'LICENSE.txt', 420, 438 ]
252 silly gunzTarPerm extractEntry History.md
253 silly gunzTarPerm modified mode [ 'History.md', 420, 438 ]
254 silly gunzTarPerm extractEntry Makefile
255 silly gunzTarPerm modified mode [ 'Makefile', 420, 438 ]
256 silly gunzTarPerm extractEntry Readme.md
257 silly gunzTarPerm modified mode [ 'Readme.md', 420, 438 ]
258 silly gunzTarPerm extractEntry dist/lodash.compat.js
259 silly gunzTarPerm modified mode [ 'dist/lodash.compat.js', 420, 438 ]
260 silly gunzTarPerm extractEntry binding.gyp
261 silly gunzTarPerm modified mode [ 'binding.gyp', 420, 438 ]
262 silly gunzTarPerm extractEntry .gitmodules
263 silly gunzTarPerm modified mode [ '.gitmodules', 420, 438 ]
264 silly gunzTarPerm extractEntry dist/lodash.compat.min.js
265 silly gunzTarPerm modified mode [ 'dist/lodash.compat.min.js', 420, 438 ]
266 silly gunzTarPerm extractEntry dist/lodash.js
267 silly gunzTarPerm modified mode [ 'dist/lodash.js', 420, 438 ]
268 silly gunzTarPerm extractEntry dist/lodash.min.js
269 silly gunzTarPerm modified mode [ 'dist/lodash.min.js', 420, 438 ]
270 silly gunzTarPerm extractEntry dist/lodash.underscore.js
271 silly gunzTarPerm modified mode [ 'dist/lodash.underscore.js', 420, 438 ]
272 silly gunzTarPerm extractEntry dist/lodash.underscore.min.js
273 silly gunzTarPerm modified mode [ 'dist/lodash.underscore.min.js', 420, 438 ]
274 silly gunzTarPerm extractEntry install
275 silly gunzTarPerm modified mode [ 'install', 493, 511 ]
276 silly gunzTarPerm extractEntry lib/bindings.js
277 silly gunzTarPerm modified mode [ 'lib/bindings.js', 420, 438 ]
278 silly gunzTarPerm extractEntry lib/canvas.js
279 silly gunzTarPerm modified mode [ 'lib/canvas.js', 420, 438 ]
280 silly gunzTarPerm extractEntry lib/context2d.js
281 silly gunzTarPerm modified mode [ 'lib/context2d.js', 420, 438 ]
282 silly gunzTarPerm extractEntry lib/image.js
283 silly gunzTarPerm modified mode [ 'lib/image.js', 420, 438 ]
284 silly gunzTarPerm extractEntry lib/jpegstream.js
285 silly gunzTarPerm modified mode [ 'lib/jpegstream.js', 420, 438 ]
286 silly gunzTarPerm extractEntry lib/pixelarray.js
287 silly gunzTarPerm modified mode [ 'lib/pixelarray.js', 420, 438 ]
288 silly gunzTarPerm extractEntry lib/pngstream.js
289 silly gunzTarPerm modified mode [ 'lib/pngstream.js', 420, 438 ]
290 verbose write writing to C:\Users\sclements\Documents\vic\docs\vic_installation\node_modules\gitbook-plugin-autocover\node_modules\q\package.json
291 silly gunzTarPerm extractEntry src/Image.h
292 silly gunzTarPerm modified mode [ 'src/Image.h', 420, 438 ]
293 silly gunzTarPerm extractEntry src/Canvas.cc
294 silly gunzTarPerm modified mode [ 'src/Canvas.cc', 420, 438 ]
295 silly gunzTarPerm extractEntry src/CanvasGradient.cc
296 silly gunzTarPerm modified mode [ 'src/CanvasGradient.cc', 420, 438 ]
297 silly gunzTarPerm extractEntry src/CanvasGradient.h
298 silly gunzTarPerm modified mode [ 'src/CanvasGradient.h', 420, 438 ]
299 info preinstall q@1.0.1
300 verbose readDependencies loading dependencies from C:\Users\sclements\Documents\vic\docs\vic_installation\node_modules\gitbook-plugin-autocover\node_modules\q\package.json
301 silly gunzTarPerm extractEntry src/CanvasPattern.cc
302 silly gunzTarPerm modified mode [ 'src/CanvasPattern.cc', 420, 438 ]
303 silly gunzTarPerm extractEntry src/CanvasPattern.h
304 silly gunzTarPerm modified mode [ 'src/CanvasPattern.h', 420, 438 ]
305 verbose readDependencies loading dependencies from C:\Users\sclements\Documents\vic\docs\vic_installation\node_modules\gitbook-plugin-autocover\node_modules\q\package.json
306 silly install resolved []
307 verbose about to build C:\Users\sclements\Documents\vic\docs\vic_installation\node_modules\gitbook-plugin-autocover\node_modules\q
308 info build C:\Users\sclements\Documents\vic\docs\vic_installation\node_modules\gitbook-plugin-autocover\node_modules\q
309 verbose write writing to C:\Users\sclements\Documents\vic\docs\vic_installation\node_modules\gitbook-plugin-autocover\node_modules\lodash\package.json
310 silly gunzTarPerm extractEntry src/CanvasRenderingContext2d.cc
311 silly gunzTarPerm modified mode [ 'src/CanvasRenderingContext2d.cc', 420, 438 ]
312 silly gunzTarPerm extractEntry src/CanvasRenderingContext2d.h
313 silly gunzTarPerm modified mode [ 'src/CanvasRenderingContext2d.h', 420, 438 ]
314 info linkStuff q@1.0.1
315 silly linkStuff q@1.0.1 has C:\Users\sclements\Documents\vic\docs\vic_installation\node_modules\gitbook-plugin-autocover\node_modules as its parent node_modules
316 verbose linkBins q@1.0.1
317 verbose linkMans q@1.0.1
318 verbose rebuildBundles q@1.0.1
319 info install q@1.0.1
320 info postinstall q@1.0.1
321 silly gunzTarPerm extractEntry src/FontFace.cc
322 silly gunzTarPerm modified mode [ 'src/FontFace.cc', 420, 438 ]
323 silly gunzTarPerm extractEntry src/FontFace.h
324 silly gunzTarPerm modified mode [ 'src/FontFace.h', 420, 438 ]
325 verbose unlock done using C:\Users\sclements\AppData\Roaming\npm-cache\_locks\q-f7fbf13401f7cbfe.lock for C:\Users\sclements\Documents\vic\docs\vic_installation\node_modules\gitbook-plugin-autocover\node_modules\q
326 silly gunzTarPerm extractEntry src/Image.cc
327 silly gunzTarPerm modified mode [ 'src/Image.cc', 420, 438 ]
328 silly gunzTarPerm extractEntry src/Canvas.h
329 silly gunzTarPerm modified mode [ 'src/Canvas.h', 420, 438 ]
330 silly gunzTarPerm extractEntry src/ImageData.cc
331 silly gunzTarPerm modified mode [ 'src/ImageData.cc', 420, 438 ]
332 silly gunzTarPerm extractEntry src/ImageData.h
333 silly gunzTarPerm modified mode [ 'src/ImageData.h', 420, 438 ]
334 silly gunzTarPerm extractEntry src/JPEGStream.h
335 silly gunzTarPerm modified mode [ 'src/JPEGStream.h', 420, 438 ]
336 silly gunzTarPerm extractEntry src/PNG.h
337 silly gunzTarPerm modified mode [ 'src/PNG.h', 420, 438 ]
338 silly gunzTarPerm extractEntry src/PixelArray.cc
339 silly gunzTarPerm modified mode [ 'src/PixelArray.cc', 420, 438 ]
340 silly gunzTarPerm extractEntry src/PixelArray.h
341 silly gunzTarPerm modified mode [ 'src/PixelArray.h', 420, 438 ]
342 silly gunzTarPerm extractEntry src/Point.h
343 silly gunzTarPerm modified mode [ 'src/Point.h', 420, 438 ]
344 silly gunzTarPerm extractEntry src/closure.h
345 silly gunzTarPerm modified mode [ 'src/closure.h', 420, 438 ]
346 silly gunzTarPerm extractEntry src/color.cc
347 silly gunzTarPerm modified mode [ 'src/color.cc', 420, 438 ]
348 silly gunzTarPerm extractEntry src/color.h
349 silly gunzTarPerm modified mode [ 'src/color.h', 420, 438 ]
350 silly gunzTarPerm extractEntry src/init.cc
351 silly gunzTarPerm modified mode [ 'src/init.cc', 493, 511 ]
352 silly gunzTarPerm extractEntry .travis.yml
353 silly gunzTarPerm modified mode [ '.travis.yml', 420, 438 ]
354 info preinstall lodash@2.4.1
355 verbose readDependencies loading dependencies from C:\Users\sclements\Documents\vic\docs\vic_installation\node_modules\gitbook-plugin-autocover\node_modules\lodash\package.json
356 verbose readDependencies loading dependencies from C:\Users\sclements\Documents\vic\docs\vic_installation\node_modules\gitbook-plugin-autocover\node_modules\lodash\package.json
357 silly install resolved []
358 verbose about to build C:\Users\sclements\Documents\vic\docs\vic_installation\node_modules\gitbook-plugin-autocover\node_modules\lodash
359 info build C:\Users\sclements\Documents\vic\docs\vic_installation\node_modules\gitbook-plugin-autocover\node_modules\lodash
360 info linkStuff lodash@2.4.1
361 silly linkStuff lodash@2.4.1 has C:\Users\sclements\Documents\vic\docs\vic_installation\node_modules\gitbook-plugin-autocover\node_modules as its parent node_modules
362 verbose linkBins lodash@2.4.1
363 verbose linkMans lodash@2.4.1
364 verbose rebuildBundles lodash@2.4.1
365 info install lodash@2.4.1
366 info postinstall lodash@2.4.1
367 verbose unlock done using C:\Users\sclements\AppData\Roaming\npm-cache\_locks\lodash-3ddeacc501ca426d.lock for C:\Users\sclements\Documents\vic\docs\vic_installation\node_modules\gitbook-plugin-autocover\node_modules\lodash
368 silly gunzTarPerm extractEntry util/cairo_include.sh
369 silly gunzTarPerm modified mode [ 'util/cairo_include.sh', 493, 511 ]
370 silly gunzTarPerm extractEntry util/has_cairo_freetype.sh
371 silly gunzTarPerm modified mode [ 'util/has_cairo_freetype.sh', 493, 511 ]
372 silly gunzTarPerm extractEntry util/has_lib.sh
373 silly gunzTarPerm modified mode [ 'util/has_lib.sh', 493, 511 ]
374 silly gunzTarPerm extractEntry util/lib_lookup.sh
375 silly gunzTarPerm modified mode [ 'util/lib_lookup.sh', 493, 511 ]
376 verbose write writing to C:\Users\sclements\Documents\vic\docs\vic_installation\node_modules\gitbook-plugin-autocover\node_modules\canvas\package.json
377 info preinstall canvas@1.1.6
378 verbose readDependencies loading dependencies from C:\Users\sclements\Documents\vic\docs\vic_installation\node_modules\gitbook-plugin-autocover\node_modules\canvas\package.json
379 silly prepareForInstallMany adding nan@~1.2.0 from canvas dependencies
380 verbose readDependencies loading dependencies from C:\Users\sclements\Documents\vic\docs\vic_installation\node_modules\gitbook-plugin-autocover\node_modules\canvas\package.json
381 silly cache add args [ 'nan@~1.2.0', null ]
382 verbose cache add spec nan@~1.2.0
383 silly cache add parsed spec Result {
383 silly cache add   raw: 'nan@~1.2.0',
383 silly cache add   scope: null,
383 silly cache add   name: 'nan',
383 silly cache add   rawSpec: '~1.2.0',
383 silly cache add   spec: '>=1.2.0 <1.3.0',
383 silly cache add   type: 'range' }
384 silly addNamed nan@>=1.2.0 <1.3.0
385 verbose addNamed ">=1.2.0 <1.3.0" is a valid semver range for nan
386 silly addNameRange { name: 'nan', range: '>=1.2.0 <1.3.0', hasData: false }
387 silly mapToRegistry name nan
388 silly mapToRegistry using default registry
389 silly mapToRegistry registry https://registry.npmjs.org/
390 silly mapToRegistry uri https://registry.npmjs.org/nan
391 verbose addNameRange registry:https://registry.npmjs.org/nan not in flight; fetching
392 verbose request uri https://registry.npmjs.org/nan
393 verbose request no auth needed
394 info attempt registry request try #1 at 11:51:57 AM
395 http request GET https://registry.npmjs.org/nan
396 http 200 https://registry.npmjs.org/nan
397 verbose headers { server: 'CouchDB/1.5.0 (Erlang OTP/R16B03)',
397 verbose headers   etag: '"7Y2U1A5TWU1O0YTKGMD4FB8ZN"',
397 verbose headers   'content-type': 'application/json',
397 verbose headers   'cache-control': 'max-age=300',
397 verbose headers   'content-length': '102500',
397 verbose headers   'accept-ranges': 'bytes',
397 verbose headers   date: 'Thu, 18 Feb 2016 10:51:58 GMT',
397 verbose headers   via: '1.1 varnish',
397 verbose headers   age: '139',
397 verbose headers   connection: 'keep-alive',
397 verbose headers   'x-served-by': 'cache-ord1726-ORD',
397 verbose headers   'x-cache': 'HIT',
397 verbose headers   'x-cache-hits': '1',
397 verbose headers   'x-timer': 'S1455792718.339207,VS0,VE0',
397 verbose headers   vary: 'Accept' }
398 silly get cb [ 200,
398 silly get   { server: 'CouchDB/1.5.0 (Erlang OTP/R16B03)',
398 silly get     etag: '"7Y2U1A5TWU1O0YTKGMD4FB8ZN"',
398 silly get     'content-type': 'application/json',
398 silly get     'cache-control': 'max-age=300',
398 silly get     'content-length': '102500',
398 silly get     'accept-ranges': 'bytes',
398 silly get     date: 'Thu, 18 Feb 2016 10:51:58 GMT',
398 silly get     via: '1.1 varnish',
398 silly get     age: '139',
398 silly get     connection: 'keep-alive',
398 silly get     'x-served-by': 'cache-ord1726-ORD',
398 silly get     'x-cache': 'HIT',
398 silly get     'x-cache-hits': '1',
398 silly get     'x-timer': 'S1455792718.339207,VS0,VE0',
398 silly get     vary: 'Accept' } ]
399 verbose get saving nan to C:\Users\sclements\AppData\Roaming\npm-cache\registry.npmjs.org\nan\.cache.json
400 silly addNameRange number 2 { name: 'nan', range: '>=1.2.0 <1.3.0', hasData: true }
401 silly addNameRange versions [ 'nan',
401 silly addNameRange   [ '0.3.0-wip',
401 silly addNameRange     '0.3.0-wip2',
401 silly addNameRange     '0.3.0',
401 silly addNameRange     '0.3.1',
401 silly addNameRange     '0.3.2',
401 silly addNameRange     '0.4.0',
401 silly addNameRange     '0.4.1',
401 silly addNameRange     '0.4.2',
401 silly addNameRange     '0.4.3',
401 silly addNameRange     '0.4.4',
401 silly addNameRange     '0.5.0',
401 silly addNameRange     '0.5.1',
401 silly addNameRange     '0.5.2',
401 silly addNameRange     '0.6.0',
401 silly addNameRange     '0.7.0',
401 silly addNameRange     '0.7.1',
401 silly addNameRange     '0.8.0',
401 silly addNameRange     '1.0.0',
401 silly addNameRange     '1.1.0',
401 silly addNameRange     '1.1.1',
401 silly addNameRange     '1.1.2',
401 silly addNameRange     '1.2.0',
401 silly addNameRange     '1.3.0',
401 silly addNameRange     '1.4.0',
401 silly addNameRange     '1.4.1',
401 silly addNameRange     '1.5.0',
401 silly addNameRange     '1.4.2',
401 silly addNameRange     '1.4.3',
401 silly addNameRange     '1.5.1',
401 silly addNameRange     '1.5.2',
401 silly addNameRange     '1.6.0',
401 silly addNameRange     '1.5.3',
401 silly addNameRange     '1.6.1',
401 silly addNameRange     '1.6.2',
401 silly addNameRange     '1.7.0',
401 silly addNameRange     '1.8.0',
401 silly addNameRange     '1.8.1',
401 silly addNameRange     '1.8.2',
401 silly addNameRange     '1.8.3',
401 silly addNameRange     '1.8.4',
401 silly addNameRange     '1.9.0',
401 silly addNameRange     '2.0.0',
401 silly addNameRange     '2.0.1',
401 silly addNameRange     '2.0.2',
401 silly addNameRange     '2.0.3',
401 silly addNameRange     '2.0.4',
401 silly addNameRange     '2.0.5',
401 silly addNameRange     '2.0.6',
401 silly addNameRange     '2.0.7',
401 silly addNameRange     '2.0.8',
401 silly addNameRange     '2.0.9',
401 silly addNameRange     '2.1.0',
401 silly addNameRange     '2.2.0' ] ]
402 silly addNamed nan@1.2.0
403 verbose addNamed "1.2.0" is a plain semver version for nan
404 silly mapToRegistry name nan
405 silly mapToRegistry using default registry
406 silly mapToRegistry registry https://registry.npmjs.org/
407 silly mapToRegistry uri https://registry.npmjs.org/nan
408 verbose addRemoteTarball https://registry.npmjs.org/nan/-/nan-1.2.0.tgz not in flight; adding
409 verbose addRemoteTarball [ 'https://registry.npmjs.org/nan/-/nan-1.2.0.tgz',
409 verbose addRemoteTarball   '9c4d63ce9e4f8e95de2d574e18f7925554a8a8ef' ]
410 info retry fetch attempt 1 at 11:51:58 AM
411 info attempt registry request try #1 at 11:51:58 AM
412 http fetch GET https://registry.npmjs.org/nan/-/nan-1.2.0.tgz
413 http fetch 200 https://registry.npmjs.org/nan/-/nan-1.2.0.tgz
414 silly fetchAndShaCheck shasum 9c4d63ce9e4f8e95de2d574e18f7925554a8a8ef
415 verbose addTmpTarball C:\Users\SCLEME~1\AppData\Local\Temp\npm-10996-4de4e375\registry.npmjs.org\nan\-\nan-1.2.0.tgz not in flight; adding
416 verbose addTmpTarball already have metadata; skipping unpack for nan@1.2.0
417 silly cache afterAdd nan@1.2.0
418 verbose afterAdd C:\Users\sclements\AppData\Roaming\npm-cache\nan\1.2.0\package\package.json not in flight; writing
419 verbose afterAdd C:\Users\sclements\AppData\Roaming\npm-cache\nan\1.2.0\package\package.json written
420 silly install resolved [ { name: 'nan',
420 silly install resolved     version: '1.2.0',
420 silly install resolved     description: 'Native Abstractions for Node.js: C++ header for Node 0.8->0.12 compatibility',
420 silly install resolved     main: 'include_dirs.js',
420 silly install resolved     repository: { type: 'git', url: 'git://github.com/rvagg/nan.git' },
420 silly install resolved     contributors: [ [Object], [Object], [Object], [Object], [Object], [Object] ],
420 silly install resolved     license: 'MIT',
420 silly install resolved     bugs: { url: 'https://github.com/rvagg/nan/issues' },
420 silly install resolved     homepage: 'https://github.com/rvagg/nan',
420 silly install resolved     _id: 'nan@1.2.0',
420 silly install resolved     dist:
420 silly install resolved      { shasum: '9c4d63ce9e4f8e95de2d574e18f7925554a8a8ef',
420 silly install resolved        tarball: 'http://registry.npmjs.org/nan/-/nan-1.2.0.tgz' },
420 silly install resolved     _from: 'nan@>=1.2.0 <1.3.0',
420 silly install resolved     _npmVersion: '1.4.3',
420 silly install resolved     _npmUser: { name: 'rvagg', email: 'rod@vagg.org' },
420 silly install resolved     maintainers: [ [Object] ],
420 silly install resolved     directories: {},
420 silly install resolved     _shasum: '9c4d63ce9e4f8e95de2d574e18f7925554a8a8ef',
420 silly install resolved     _resolved: 'https://registry.npmjs.org/nan/-/nan-1.2.0.tgz' } ]
421 info install nan@1.2.0 into C:\Users\sclements\Documents\vic\docs\vic_installation\node_modules\gitbook-plugin-autocover\node_modules\canvas
422 info installOne nan@1.2.0
423 verbose installOne of nan to C:\Users\sclements\Documents\vic\docs\vic_installation\node_modules\gitbook-plugin-autocover\node_modules\canvas not in flight; installing
424 verbose lock using C:\Users\sclements\AppData\Roaming\npm-cache\_locks\nan-2c0c10e996b3baf1.lock for C:\Users\sclements\Documents\vic\docs\vic_installation\node_modules\gitbook-plugin-autocover\node_modules\canvas\node_modules\nan
425 silly install write writing nan 1.2.0 to C:\Users\sclements\Documents\vic\docs\vic_installation\node_modules\gitbook-plugin-autocover\node_modules\canvas\node_modules\nan
426 verbose unbuild node_modules\gitbook-plugin-autocover\node_modules\canvas\node_modules\nan
427 silly gentlyRm C:\Users\sclements\Documents\vic\docs\vic_installation\node_modules\gitbook-plugin-autocover\node_modules\canvas\node_modules\nan is being purged from base C:\Users\sclements\Documents\vic\docs\vic_installation
428 verbose gentlyRm don't care about contents; nuking C:\Users\sclements\Documents\vic\docs\vic_installation\node_modules\gitbook-plugin-autocover\node_modules\canvas\node_modules\nan
429 verbose tar unpack C:\Users\sclements\AppData\Roaming\npm-cache\nan\1.2.0\package.tgz
430 verbose tar unpacking to C:\Users\sclements\Documents\vic\docs\vic_installation\node_modules\gitbook-plugin-autocover\node_modules\canvas\node_modules\nan
431 silly gentlyRm C:\Users\sclements\Documents\vic\docs\vic_installation\node_modules\gitbook-plugin-autocover\node_modules\canvas\node_modules\nan is being purged
432 verbose gentlyRm don't care about contents; nuking C:\Users\sclements\Documents\vic\docs\vic_installation\node_modules\gitbook-plugin-autocover\node_modules\canvas\node_modules\nan
433 silly gunzTarPerm modes [ '777', '666' ]
434 silly gunzTarPerm extractEntry package.json
435 silly gunzTarPerm modified mode [ 'package.json', 420, 438 ]
436 silly gunzTarPerm extractEntry README.md
437 silly gunzTarPerm modified mode [ 'README.md', 420, 438 ]
438 silly gunzTarPerm extractEntry LICENSE
439 silly gunzTarPerm modified mode [ 'LICENSE', 420, 438 ]
440 silly gunzTarPerm extractEntry include_dirs.js
441 silly gunzTarPerm modified mode [ 'include_dirs.js', 420, 438 ]
442 silly gunzTarPerm extractEntry .dntrc
443 silly gunzTarPerm modified mode [ '.dntrc', 420, 438 ]
444 silly gunzTarPerm extractEntry build/config.gypi
445 silly gunzTarPerm modified mode [ 'build/config.gypi', 420, 438 ]
446 silly gunzTarPerm extractEntry nan.h
447 silly gunzTarPerm modified mode [ 'nan.h', 420, 438 ]
448 verbose write writing to C:\Users\sclements\Documents\vic\docs\vic_installation\node_modules\gitbook-plugin-autocover\node_modules\canvas\node_modules\nan\package.json
449 info preinstall nan@1.2.0
450 verbose readDependencies loading dependencies from C:\Users\sclements\Documents\vic\docs\vic_installation\node_modules\gitbook-plugin-autocover\node_modules\canvas\node_modules\nan\package.json
451 verbose readDependencies loading dependencies from C:\Users\sclements\Documents\vic\docs\vic_installation\node_modules\gitbook-plugin-autocover\node_modules\canvas\node_modules\nan\package.json
452 silly install resolved []
453 verbose about to build C:\Users\sclements\Documents\vic\docs\vic_installation\node_modules\gitbook-plugin-autocover\node_modules\canvas\node_modules\nan
454 info build C:\Users\sclements\Documents\vic\docs\vic_installation\node_modules\gitbook-plugin-autocover\node_modules\canvas\node_modules\nan
455 info linkStuff nan@1.2.0
456 silly linkStuff nan@1.2.0 has C:\Users\sclements\Documents\vic\docs\vic_installation\node_modules\gitbook-plugin-autocover\node_modules\canvas\node_modules as its parent node_modules
457 verbose linkBins nan@1.2.0
458 verbose linkMans nan@1.2.0
459 verbose rebuildBundles nan@1.2.0
460 info install nan@1.2.0
461 info postinstall nan@1.2.0
462 verbose unlock done using C:\Users\sclements\AppData\Roaming\npm-cache\_locks\nan-2c0c10e996b3baf1.lock for C:\Users\sclements\Documents\vic\docs\vic_installation\node_modules\gitbook-plugin-autocover\node_modules\canvas\node_modules\nan
463 verbose about to build C:\Users\sclements\Documents\vic\docs\vic_installation\node_modules\gitbook-plugin-autocover\node_modules\canvas
464 info build C:\Users\sclements\Documents\vic\docs\vic_installation\node_modules\gitbook-plugin-autocover\node_modules\canvas
465 info linkStuff canvas@1.1.6
466 silly linkStuff canvas@1.1.6 has C:\Users\sclements\Documents\vic\docs\vic_installation\node_modules\gitbook-plugin-autocover\node_modules as its parent node_modules
467 verbose linkBins canvas@1.1.6
468 verbose linkMans canvas@1.1.6
469 verbose rebuildBundles canvas@1.1.6
470 verbose rebuildBundles [ 'nan' ]
471 info install canvas@1.1.6
472 verbose unsafe-perm in lifecycle true
473 info canvas@1.1.6 Failed to exec install script
474 verbose unlock done using C:\Users\sclements\AppData\Roaming\npm-cache\_locks\canvas-d2977ba6bdd4863f.lock for C:\Users\sclements\Documents\vic\docs\vic_installation\node_modules\gitbook-plugin-autocover\node_modules\canvas
475 verbose about to build C:\Users\sclements\Documents\vic\docs\vic_installation\node_modules\gitbook-plugin-autocover
476 verbose unlock done using C:\Users\sclements\AppData\Roaming\npm-cache\_locks\gitbook-plugin-autocover-4237326eedab6dce.lock for C:\Users\sclements\Documents\vic\docs\vic_installation\node_modules\gitbook-plugin-autocover
477 verbose stack Error: canvas@1.1.6 install: `node-gyp rebuild`
477 verbose stack Exit status 1
477 verbose stack     at EventEmitter.<anonymous> (C:\Program Files (x86)\nodejs\node_modules\npm\lib\utils\lifecycle.js:214:16)
477 verbose stack     at emitTwo (events.js:87:13)
477 verbose stack     at EventEmitter.emit (events.js:172:7)
477 verbose stack     at ChildProcess.<anonymous> (C:\Program Files (x86)\nodejs\node_modules\npm\lib\utils\spawn.js:24:14)
477 verbose stack     at emitTwo (events.js:87:13)
477 verbose stack     at ChildProcess.emit (events.js:172:7)
477 verbose stack     at maybeClose (internal/child_process.js:821:16)
477 verbose stack     at Process.ChildProcess._handle.onexit (internal/child_process.js:211:5)
478 verbose pkgid canvas@1.1.6
479 verbose cwd C:\Users\sclements\Documents\vic\docs\vic_installation
480 error Windows_NT 6.1.7601
481 error argv "C:\\Program Files (x86)\\nodejs\\node.exe" "C:\\Program Files (x86)\\nodejs\\node_modules\\npm\\bin\\npm-cli.js" "install" "gitbook-plugin-autocover"
482 error node v4.3.1
483 error npm  v2.14.12
484 error code ELIFECYCLE
485 error canvas@1.1.6 install: `node-gyp rebuild`
485 error Exit status 1
486 error Failed at the canvas@1.1.6 install script 'node-gyp rebuild'.
486 error This is most likely a problem with the canvas package,
486 error not with npm itself.
486 error Tell the author that this fails on your system:
486 error     node-gyp rebuild
486 error You can get their info via:
486 error     npm owner ls canvas
486 error There is likely additional logging output above.
487 verbose exit [ 1, true ]
488 verbose unbuild node_modules\gitbook-plugin-autocover\node_modules\canvas
489 info preuninstall canvas@1.1.6
490 info uninstall canvas@1.1.6
491 verbose unbuild rmStuff canvas@1.1.6 from C:\Users\sclements\Documents\vic\docs\vic_installation\node_modules
492 verbose unbuild rmStuff in C:\Users\sclements\Documents\vic\docs\vic_installation\node_modules\gitbook-plugin-autocover\node_modules
493 info postuninstall canvas@1.1.6
494 silly gentlyRm C:\Users\sclements\Documents\vic\docs\vic_installation\node_modules\gitbook-plugin-autocover\node_modules\canvas is being purged from base C:\Users\sclements\Documents\vic\docs\vic_installation
495 verbose gentlyRm don't care about contents; nuking C:\Users\sclements\Documents\vic\docs\vic_installation\node_modules\gitbook-plugin-autocover\node_modules\canvas
496 silly vacuum-fs purging C:\Users\sclements\Documents\vic\docs\vic_installation\node_modules\gitbook-plugin-autocover\node_modules\canvas
497 silly vacuum-fs quitting because other entries in C:\Users\sclements\Documents\vic\docs\vic_installation\node_modules\gitbook-plugin-autocover\node_modules
498 verbose unbuild node_modules\gitbook-plugin-autocover
499 info preuninstall gitbook-plugin-autocover@1.2.1
500 info uninstall gitbook-plugin-autocover@1.2.1
501 verbose unbuild rmStuff gitbook-plugin-autocover@1.2.1 from C:\Users\sclements\Documents\vic\docs\vic_installation\node_modules
502 info postuninstall gitbook-plugin-autocover@1.2.1
503 silly gentlyRm C:\Users\sclements\Documents\vic\docs\vic_installation\node_modules\gitbook-plugin-autocover is being purged from base C:\Users\sclements\Documents\vic\docs\vic_installation
504 verbose gentlyRm don't care about contents; nuking C:\Users\sclements\Documents\vic\docs\vic_installation\node_modules\gitbook-plugin-autocover
505 silly vacuum-fs purging C:\Users\sclements\Documents\vic\docs\vic_installation\node_modules\gitbook-plugin-autocover
506 silly vacuum-fs removing C:\Users\sclements\Documents\vic\docs\vic_installation\node_modules
507 silly vacuum-fs finished vacuuming up to C:\Users\sclements\Documents\vic\docs\vic_installation
